Arguments: 
  C:\Program Files\nodejs\node.exe C:\Users\RahulPawar\AppData\Roaming\npm\node_modules\yarn\bin\yarn.js install

PATH: 
  C:\Program Files (x86)\Microsoft SDKs\Azure\CLI2\wbin;C:\Program Files\Common Files\Oracle\Java\javapath;C:\Program Files\Eclipse Adoptium\jdk-11.0.17.8-hotspot\bin;C:\Python310\Scripts\;C:\Python310\;C:\WINDOWS\system32;C:\WINDOWS;C:\WINDOWS\System32\Wbem;C:\WINDOWS\System32\WindowsPowerShell\v1.0\;C:\WINDOWS\System32\OpenSSH\;C:\Program Files\dotnet\;C:\ProgramData\chocolatey\bin;C:\Program Files\Git\cmd;C:\opscode\chef\bin\;C:\Program Files\OpenSSL\bin;C:\Program Files\Microsoft SQL Server\150\Tools\Binn\;C:\Program Files\Microsoft SQL Server\Client SDK\ODBC\170\Tools\Binn\;C:\Python27\;C:\WINDOWS\system32;C:\WINDOWS;C:\WINDOWS\System32\Wbem;C:\WINDOWS\System32\WindowsPowerShell\v1.0\;C:\WINDOWS\System32\OpenSSH\;C:\Program Files\nodejs\;C:\Users\RahulPawar\AppData\Local\Android\Sdk\platform-tools;C:\Program Files\Java\jdk-11.0.17;C:\Program Files (x86)\Bitvise SSH Client;C:\Program Files\Docker\Docker\resources\bin;C:\Program Files\MySQL\MySQL Shell 8.0\bin\;C:\Users\RahulPawar\AppData\Local\Microsoft\WindowsApps;C:\Users\RahulPawar\AppData\Local\Programs\Microsoft VS Code\bin;C:\Users\RahulPawar\.dotnet\tools;C:\Users\RahulPawar\AppData\Roaming\npm;C:\Users\RahulPawar\AppData\Local\Android\Sdk\platform-tools;C:\Program Files\Java\jdk-11.0.17;

Yarn version: 
  1.22.19

Node version: 
  18.12.1

Platform: 
  win32 x64

Trace: 
  Error: https://us-east4-npm.pkg.dev/insurun-opscloud/insurun-npm-package-us-et4-ar/insurun-js: The caller does not have permission.
      at params.callback [as _callback] (C:\Users\RahulPawar\AppData\Roaming\npm\node_modules\yarn\lib\cli.js:66145:18)
      at self.callback (C:\Users\RahulPawar\AppData\Roaming\npm\node_modules\yarn\lib\cli.js:140890:22)
      at Request.emit (node:events:513:28)
      at Request.<anonymous> (C:\Users\RahulPawar\AppData\Roaming\npm\node_modules\yarn\lib\cli.js:141862:10)
      at Request.emit (node:events:513:28)
      at IncomingMessage.<anonymous> (C:\Users\RahulPawar\AppData\Roaming\npm\node_modules\yarn\lib\cli.js:141784:12)
      at Object.onceWrapper (node:events:627:28)
      at IncomingMessage.emit (node:events:525:35)
      at endReadableNT (node:internal/streams/readable:1359:12)
      at process.processTicksAndRejections (node:internal/process/task_queues:82:21)

npm manifest: 
  {
      "name": "geocode",
      "version": "1.0.0",
      "description": "",
      "main": "index.js",
      "scripts": {
        "build": "tsc",
        "start": "node build",
        "dev": "nodemon -e ts,js -x 'NODE_ENV=development LOG_LEVEL=debug ts-node src'",
        "test": "jest",
        "test:watch": "jest --watch",
        "lint": "prettier --write src/**/*",
        "coverage": "NODE_ENV=test nyc npm run test"
      },
      "repository": {
        "type": "git",
        "url": "git+https://github.com/Insurun/geocode.git"
      },
      "author": "Vito <vito@vitosamson.com>",
      "license": "ISC",
      "bugs": {
        "url": "https://github.com/Insurun/geocode/issues"
      },
      "homepage": "https://github.com/Insurun/geocode#readme",
     
      "dependencies": {     
          "insurun-js": "^1.2.1"
        },
      "engines": {
        "node": ">= 12"
      }
    }

yarn manifest: 
  No manifest

Lockfile: 
  # THIS IS AN AUTOGENERATED FILE. DO NOT EDIT THIS FILE DIRECTLY.
  # yarn lockfile v1
